<?xml version="1.0" encoding="UTF-8"?>
<testsuite xmlns:xsi="http://www.w3.org/2001/XMLSchema-instance" xsi:noNamespaceSchemaLocation="https://maven.apache.org/surefire/maven-surefire-plugin/xsd/surefire-test-report.xsd" name="com.example.skye.MyBatisPlusDemoApplicationTests" time="3.278" tests="2" errors="1" skipped="0" failures="0">
  <properties>
[...]
</properties>
  <testcase name="testDemo" classname="com.example.skye.MyBatisPlusDemoApplicationTests" time="0.303"/>
  <testcase name="testInsert" classname="com.example.skye.MyBatisPlusDemoApplicationTests" time="0.521">
    <error message="&#10;### Error updating database.  Cause: com.mysql.cj.jdbc.exceptions.MysqlDataTruncation: Data truncation: Out of range value for column &apos;id&apos; at row 1&#10;### The error may exist in com/example/skye/mapper/BrandMapper.java (best guess)&#10;### The error may involve com.example.skye.mapper.BrandMapper.insert-Inline&#10;### The error occurred while setting parameters&#10;### SQL: INSERT INTO brand  ( id, brand_name, company_name, ordered, status )  VALUES  ( ?, ?, ?, ?, ? )&#10;### Cause: com.mysql.cj.jdbc.exceptions.MysqlDataTruncation: Data truncation: Out of range value for column &apos;id&apos; at row 1&#10;; Data truncation: Out of range value for column &apos;id&apos; at row 1; nested exception is com.mysql.cj.jdbc.exceptions.MysqlDataTruncation: Data truncation: Out of range value for column &apos;id&apos; at row 1" type="org.springframework.dao.DataIntegrityViolationException">org.springframework.dao.DataIntegrityViolationException: 

### Error updating database.  Cause: com.mysql.cj.jdbc.exceptions.MysqlDataTruncation: Data truncation: Out of range value for column 'id' at row 1
### The error may exist in com/example/skye/mapper/BrandMapper.java (best guess)
### The error may involve com.example.skye.mapper.BrandMapper.insert-Inline
### The error occurred while setting parameters
### SQL: INSERT INTO brand  ( id, brand_name, company_name, ordered, status )  VALUES  ( ?, ?, ?, ?, ? )
### Cause: com.mysql.cj.jdbc.exceptions.MysqlDataTruncation: Data truncation: Out of range value for column 'id' at row 1
; Data truncation: Out of range value for column 'id' at row 1; nested exception is com.mysql.cj.jdbc.exceptions.MysqlDataTruncation: Data truncation: Out of range value for column 'id' at row 1
	at com.example.skye.MyBatisPlusDemoApplicationTests.testInsert(MyBatisPlusDemoApplicationTests.java:33)
Caused by: com.mysql.cj.jdbc.exceptions.MysqlDataTruncation: Data truncation: Out of range value for column 'id' at row 1
	at com.example.skye.MyBatisPlusDemoApplicationTests.testInsert(MyBatisPlusDemoApplicationTests.java:33)
</error>
    <system-out><![CDATA[Creating a new SqlSession
SqlSession [org.apache.ibatis.session.defaults.DefaultSqlSession@77c3c037] was not registered for synchronization because synchronization is not active
JDBC Connection [HikariProxyConnection@1768142988 wrapping com.mysql.cj.jdbc.ConnectionImpl@22bdb1d0] will not be managed by Spring
==>  Preparing: INSERT INTO brand ( id, brand_name, company_name, ordered, status ) VALUES ( ?, ?, ?, ?, ? )
==> Parameters: 1771151364794216450(Long), apple(String), apple(String), 100(Integer), 1(Integer)
Closing non transactional SqlSession [org.apache.ibatis.session.defaults.DefaultSqlSession@77c3c037]
]]></system-out>
  </testcase>
</testsuite>